<?xml version='1.1' encoding='UTF-8'?>
<result plugin="junit@1166.va_436e268e972">
  <suites>
    <suite>
      <file>/var/lib/jenkins/workspace/package/target/surefire-reports/TEST-com.devopsdemo.utilities.TestGenericComparator.xml</file>
      <name>com.devopsdemo.utilities.TestGenericComparator</name>
      <duration>0.091</duration>
      <time>0.091</time>
      <enclosingBlocks/>
      <enclosingBlockNames/>
      <cases>
        <case>
          <duration>0.043</duration>
          <className>com.devopsdemo.utilities.TestGenericComparator</className>
          <testName>testSortEmpIDAsc</testName>
          <skipped>false</skipped>
          <failedSince>0</failedSince>
        </case>
        <case>
          <duration>0.005</duration>
          <className>com.devopsdemo.utilities.TestGenericComparator</className>
          <testName>testSortEmpNameAsc</testName>
          <skipped>false</skipped>
          <failedSince>0</failedSince>
        </case>
        <case>
          <duration>0.002</duration>
          <className>com.devopsdemo.utilities.TestGenericComparator</className>
          <testName>testSortEmpIDDesc</testName>
          <skipped>false</skipped>
          <failedSince>0</failedSince>
        </case>
        <case>
          <duration>0.011</duration>
          <className>com.devopsdemo.utilities.TestGenericComparator</className>
          <testName>testSortEmpNameAscNewComparator</testName>
          <skipped>false</skipped>
          <failedSince>0</failedSince>
        </case>
        <case>
          <duration>0.003</duration>
          <className>com.devopsdemo.utilities.TestGenericComparator</className>
          <testName>testSortEmpSpare2StringAsc</testName>
          <skipped>false</skipped>
          <failedSince>0</failedSince>
        </case>
        <case>
          <duration>0.001</duration>
          <className>com.devopsdemo.utilities.TestGenericComparator</className>
          <testName>testDoubleSort</testName>
          <skipped>false</skipped>
          <failedSince>0</failedSince>
        </case>
        <case>
          <duration>0.006</duration>
          <className>com.devopsdemo.utilities.TestGenericComparator</className>
          <testName>testSortEmpSpare2StringDesc</testName>
          <skipped>false</skipped>
          <failedSince>0</failedSince>
        </case>
        <case>
          <duration>0.0</duration>
          <className>com.devopsdemo.utilities.TestGenericComparator</className>
          <testName>testSortEmpNameDescNewComparator3Element</testName>
          <skipped>false</skipped>
          <failedSince>0</failedSince>
        </case>
        <case>
          <duration>0.002</duration>
          <className>com.devopsdemo.utilities.TestGenericComparator</className>
          <testName>testSortEmpSpareDesc2</testName>
          <skipped>false</skipped>
          <failedSince>0</failedSince>
        </case>
        <case>
          <duration>0.003</duration>
          <className>com.devopsdemo.utilities.TestGenericComparator</className>
          <testName>testSortEmpNameAscNewComparator3Element</testName>
          <skipped>false</skipped>
          <failedSince>0</failedSince>
        </case>
        <case>
          <duration>0.002</duration>
          <className>com.devopsdemo.utilities.TestGenericComparator</className>
          <testName>testSortEmpSpareAsc2</testName>
          <skipped>false</skipped>
          <failedSince>0</failedSince>
        </case>
        <case>
          <duration>0.003</duration>
          <className>com.devopsdemo.utilities.TestGenericComparator</className>
          <testName>testSortEmpSpareDesc</testName>
          <skipped>false</skipped>
          <failedSince>0</failedSince>
        </case>
        <case>
          <duration>0.001</duration>
          <className>com.devopsdemo.utilities.TestGenericComparator</className>
          <testName>testSortEmpNameDesc</testName>
          <skipped>false</skipped>
          <failedSince>0</failedSince>
        </case>
        <case>
          <duration>0.0</duration>
          <className>com.devopsdemo.utilities.TestGenericComparator</className>
          <testName>testSortEmpSpareAsc</testName>
          <skipped>false</skipped>
          <failedSince>0</failedSince>
        </case>
      </cases>
    </suite>
    <suite>
      <file>/var/lib/jenkins/workspace/package/target/surefire-reports/TEST-com.devopsdemo.utilities.TestHexAsciiConversion.xml</file>
      <name>com.devopsdemo.utilities.TestHexAsciiConversion</name>
      <duration>0.048</duration>
      <time>0.048</time>
      <enclosingBlocks/>
      <enclosingBlockNames/>
      <cases>
        <case>
          <duration>0.048</duration>
          <className>com.devopsdemo.utilities.TestHexAsciiConversion</className>
          <testName>testHexToAsciiValid</testName>
          <skipped>false</skipped>
          <failedSince>0</failedSince>
        </case>
        <case>
          <duration>0.004</duration>
          <className>com.devopsdemo.utilities.TestHexAsciiConversion</className>
          <testName>testAsciiToHexValid</testName>
          <skipped>false</skipped>
          <failedSince>0</failedSince>
        </case>
        <case>
          <duration>0.0</duration>
          <className>com.devopsdemo.utilities.TestHexAsciiConversion</className>
          <testName>testAsciiToHexNull</testName>
          <skipped>false</skipped>
          <failedSince>0</failedSince>
        </case>
        <case>
          <duration>0.001</duration>
          <className>com.devopsdemo.utilities.TestHexAsciiConversion</className>
          <testName>testHextoAsciiNull</testName>
          <skipped>false</skipped>
          <failedSince>0</failedSince>
        </case>
      </cases>
    </suite>
    <suite>
      <file>/var/lib/jenkins/workspace/package/target/surefire-reports/TEST-com.devopsdemo.utilities.TestLogger.xml</file>
      <name>com.devopsdemo.utilities.TestLogger</name>
      <duration>0.136</duration>
      <time>0.136</time>
      <enclosingBlocks/>
      <enclosingBlockNames/>
      <cases>
        <case>
          <duration>0.136</duration>
          <className>com.devopsdemo.utilities.TestLogger</className>
          <testName>testGetErrorMessage1</testName>
          <skipped>false</skipped>
          <failedSince>0</failedSince>
        </case>
        <case>
          <duration>0.131</duration>
          <className>com.devopsdemo.utilities.TestLogger</className>
          <testName>testGetErrorMessage4</testName>
          <skipped>false</skipped>
          <failedSince>0</failedSince>
        </case>
        <case>
          <duration>0.119</duration>
          <className>com.devopsdemo.utilities.TestLogger</className>
          <testName>testGetErrorMessage3</testName>
          <skipped>false</skipped>
          <failedSince>0</failedSince>
        </case>
        <case>
          <duration>0.134</duration>
          <className>com.devopsdemo.utilities.TestLogger</className>
          <testName>testGetErrorMessage2</testName>
          <skipped>false</skipped>
          <failedSince>0</failedSince>
        </case>
        <case>
          <duration>0.124</duration>
          <className>com.devopsdemo.utilities.TestLogger</className>
          <testName>testGetErrorMessage5</testName>
          <skipped>false</skipped>
          <failedSince>0</failedSince>
        </case>
      </cases>
    </suite>
  </suites>
  <duration>0.275</duration>
  <skipOldReports>true</skipOldReports>
  <keepLongStdio>false</keepLongStdio>
</result>